1618715217814	geckodriver	INFO	Listening on 127.0.0.1:58243
1618715217820	mozrunner::runner	INFO	Running command: "/usr/bin/firefox" "--marionette" "-foreground" "-no-remote" "-profile" "/tmp/rust_mozprofile5l8Nof"
console.info: MINT: Trying to use the system region (based on LANG).
console.info: MINT: System region is US
console.warn: SearchSettings: "get: No settings file exists, new profile?" (new Error("", "(unknown module)"))
console.info: MINT: Loading search-config defaults.
JavaScript error: resource://gre/modules/TelemetryUtils.jsm, line 159: TypeError: date is undefined
1618715220880	Marionette	INFO	Listening on port 35295
1618715220955	Marionette	WARN	TLS certificate errors will be ignored for this session
1618715224831	Marionette	INFO	Stopped listening on port 35295
1618715305017	geckodriver	INFO	Listening on 127.0.0.1:57799
1618715305023	mozrunner::runner	INFO	Running command: "/usr/bin/firefox" "--marionette" "-foreground" "-no-remote" "-profile" "/tmp/rust_mozprofileH0lb1m"
console.info: MINT: Trying to use the system region (based on LANG).
console.info: MINT: System region is US
console.warn: SearchSettings: "get: No settings file exists, new profile?" (new Error("", "(unknown module)"))
console.info: MINT: Loading search-config defaults.
JavaScript error: resource://gre/modules/TelemetryUtils.jsm, line 159: TypeError: date is undefined
1618715308205	Marionette	INFO	Listening on port 36191
1618715308253	Marionette	WARN	TLS certificate errors will be ignored for this session
1618715316421	Marionette	INFO	Stopped listening on port 36191
1618715798612	geckodriver	INFO	Listening on 127.0.0.1:57941
1618715798618	mozrunner::runner	INFO	Running command: "/usr/bin/firefox" "--marionette" "-foreground" "-no-remote" "-profile" "/tmp/rust_mozprofileA4T6cQ"
console.info: MINT: Trying to use the system region (based on LANG).
console.info: MINT: System region is US
console.warn: SearchSettings: "get: No settings file exists, new profile?" (new Error("", "(unknown module)"))
console.info: MINT: Loading search-config defaults.
JavaScript error: resource://gre/modules/TelemetryUtils.jsm, line 159: TypeError: date is undefined
1618715801875	Marionette	INFO	Listening on port 45093
1618715801965	Marionette	WARN	TLS certificate errors will be ignored for this session
JavaScript error: https://storage.googleapis.com/workbox-cdn/releases/3.5.0/workbox-sw.js, line 1: SyntaxError: redeclaration of const workbox
1618715806167	Marionette	INFO	Stopped listening on port 45093

###!!! [Parent][RunMessage] Error: Channel closing: too late to send/recv, messages will be lost

1618715836596	geckodriver	INFO	Listening on 127.0.0.1:39367
1618715836603	mozrunner::runner	INFO	Running command: "/usr/bin/firefox" "--marionette" "-foreground" "-no-remote" "-profile" "/tmp/rust_mozprofileo1y1K7"
console.info: MINT: Trying to use the system region (based on LANG).
console.info: MINT: System region is US
console.warn: SearchSettings: "get: No settings file exists, new profile?" (new Error("", "(unknown module)"))
console.info: MINT: Loading search-config defaults.
JavaScript error: resource://gre/modules/TelemetryUtils.jsm, line 159: TypeError: date is undefined
1618715839980	Marionette	INFO	Listening on port 42851
1618715840076	Marionette	WARN	TLS certificate errors will be ignored for this session
1618715858068	geckodriver	INFO	Listening on 127.0.0.1:39125
1618715858075	mozrunner::runner	INFO	Running command: "/usr/bin/firefox" "--marionette" "-foreground" "-no-remote" "-profile" "/tmp/rust_mozprofileCzGJLI"
console.info: MINT: Trying to use the system region (based on LANG).
console.info: MINT: System region is US
console.warn: SearchSettings: "get: No settings file exists, new profile?" (new Error("", "(unknown module)"))
console.info: MINT: Loading search-config defaults.
JavaScript error: resource://gre/modules/TelemetryUtils.jsm, line 159: TypeError: date is undefined
1618715861436	Marionette	INFO	Listening on port 43571
1618715861514	Marionette	WARN	TLS certificate errors will be ignored for this session
1618715862708	Marionette	INFO	Stopped listening on port 42851
1618715870793	Marionette	INFO	Stopped listening on port 43571
1618715872203	geckodriver	INFO	Listening on 127.0.0.1:55841
1618715872211	mozrunner::runner	INFO	Running command: "/usr/bin/firefox" "--marionette" "-foreground" "-no-remote" "-profile" "/tmp/rust_mozprofiled9bF5I"
console.info: MINT: Trying to use the system region (based on LANG).
console.info: MINT: System region is US
console.warn: SearchSettings: "get: No settings file exists, new profile?" (new Error("", "(unknown module)"))
console.info: MINT: Loading search-config defaults.
JavaScript error: resource://gre/modules/TelemetryUtils.jsm, line 159: TypeError: date is undefined
1618715875463	Marionette	INFO	Listening on port 35531
1618715875550	Marionette	WARN	TLS certificate errors will be ignored for this session
console.warn: LoginRecipes: "getRecipes: falling back to a synchronous message for:" "http://walletconnect.cf"
console.warn: LoginRecipes: "getRecipes: falling back to a synchronous message for:" "http://walletconnect.cf"
console.warn: LoginRecipes: "getRecipes: falling back to a synchronous message for:" "http://walletconnect.cf"
console.warn: LoginRecipes: "getRecipes: falling back to a synchronous message for:" "http://walletconnect.cf"
1618716000212	geckodriver	INFO	Listening on 127.0.0.1:54163
1618716000217	mozrunner::runner	INFO	Running command: "/usr/bin/firefox" "--marionette" "-foreground" "-no-remote" "-profile" "/tmp/rust_mozprofilebe42tH"
console.info: MINT: Trying to use the system region (based on LANG).
console.info: MINT: System region is US
console.warn: SearchSettings: "get: No settings file exists, new profile?" (new Error("", "(unknown module)"))
console.info: MINT: Loading search-config defaults.
JavaScript error: resource://gre/modules/TelemetryUtils.jsm, line 159: TypeError: date is undefined
1618716003661	Marionette	INFO	Listening on port 35107
1618716003754	Marionette	WARN	TLS certificate errors will be ignored for this session
1618716070014	geckodriver	INFO	Listening on 127.0.0.1:40193
1618716070020	mozrunner::runner	INFO	Running command: "/usr/bin/firefox" "--marionette" "-foreground" "-no-remote" "-profile" "/tmp/rust_mozprofilesvXuLa"
console.info: MINT: Trying to use the system region (based on LANG).
console.info: MINT: System region is US
console.warn: SearchSettings: "get: No settings file exists, new profile?" (new Error("", "(unknown module)"))
console.info: MINT: Loading search-config defaults.
JavaScript error: resource://gre/modules/TelemetryUtils.jsm, line 159: TypeError: date is undefined
1618716074146	Marionette	INFO	Listening on port 39123
1618716074262	Marionette	WARN	TLS certificate errors will be ignored for this session
console.info: MINT: main/search-config update being skipped
1618716207140	geckodriver	INFO	Listening on 127.0.0.1:60023
1618716208146	mozrunner::runner	INFO	Running command: "/usr/bin/firefox" "--marionette" "-foreground" "-no-remote" "-profile" "/tmp/rust_mozprofileT7vTcx"
console.info: MINT: Trying to use the system region (based on LANG).
console.info: MINT: System region is US
console.warn: SearchSettings: "get: No settings file exists, new profile?" (new Error("", "(unknown module)"))
console.info: MINT: Loading search-config defaults.
JavaScript error: resource://gre/modules/TelemetryUtils.jsm, line 159: TypeError: date is undefined
1618716212960	Marionette	INFO	Listening on port 41469
1618716213106	Marionette	WARN	TLS certificate errors will be ignored for this session
1618716250040	Marionette	INFO	Stopped listening on port 41469
1618716254287	Marionette	INFO	Stopped listening on port 39123
1618716259489	Marionette	INFO	Stopped listening on port 35107
1618716262041	Marionette	INFO	Stopped listening on port 35531
1618718576169	geckodriver	INFO	Listening on 127.0.0.1:42001
1618718577170	mozrunner::runner	INFO	Running command: "/usr/bin/firefox" "--marionette" "-foreground" "-no-remote" "-profile" "/tmp/rust_mozprofileNyZinr"
console.info: MINT: Trying to use the system region (based on LANG).
console.info: MINT: System region is US
console.warn: SearchSettings: "get: No settings file exists, new profile?" (new Error("", "(unknown module)"))
console.info: MINT: Loading search-config defaults.
JavaScript error: resource://gre/modules/TelemetryUtils.jsm, line 159: TypeError: date is undefined
1618718580969	Marionette	INFO	Listening on port 43459
1618718581024	Marionette	WARN	TLS certificate errors will be ignored for this session
1618718604533	Marionette	INFO	Stopped listening on port 43459

###!!! [Parent][RunMessage] Error: Channel closing: too late to send/recv, messages will be lost

1618718756022	geckodriver	INFO	Listening on 127.0.0.1:40337
1618718756028	mozrunner::runner	INFO	Running command: "/usr/bin/firefox" "--marionette" "-foreground" "-no-remote" "-profile" "/tmp/rust_mozprofile3QHn32"
console.info: MINT: Trying to use the system region (based on LANG).
console.info: MINT: System region is US
console.warn: SearchSettings: "get: No settings file exists, new profile?" (new Error("", "(unknown module)"))
console.info: MINT: Loading search-config defaults.
JavaScript error: resource://gre/modules/TelemetryUtils.jsm, line 159: TypeError: date is undefined
1618718760014	Marionette	INFO	Listening on port 41337
1618718760096	Marionette	WARN	TLS certificate errors will be ignored for this session
1618718777782	Marionette	INFO	Stopped listening on port 41337
1618718812992	geckodriver	INFO	Listening on 127.0.0.1:56041
1618718812997	mozrunner::runner	INFO	Running command: "/usr/bin/firefox" "--marionette" "-foreground" "-no-remote" "-profile" "/tmp/rust_mozprofileujhp6o"
console.info: MINT: Trying to use the system region (based on LANG).
console.info: MINT: System region is US
console.warn: SearchSettings: "get: No settings file exists, new profile?" (new Error("", "(unknown module)"))
console.info: MINT: Loading search-config defaults.
JavaScript error: resource://gre/modules/TelemetryUtils.jsm, line 159: TypeError: date is undefined
1618718816035	Marionette	INFO	Listening on port 37455
1618718816145	Marionette	WARN	TLS certificate errors will be ignored for this session
Exiting due to channel error.
Exiting due to channel error.
Exiting due to channel error.
1618718938825	geckodriver	INFO	Listening on 127.0.0.1:38291
1618718938831	mozrunner::runner	INFO	Running command: "/usr/bin/firefox" "--marionette" "-foreground" "-no-remote" "-profile" "/tmp/rust_mozprofileNFt8ZH"
console.info: MINT: Trying to use the system region (based on LANG).
console.info: MINT: System region is US
console.warn: SearchSettings: "get: No settings file exists, new profile?" (new Error("", "(unknown module)"))
console.info: MINT: Loading search-config defaults.
JavaScript error: resource://gre/modules/TelemetryUtils.jsm, line 159: TypeError: date is undefined
1618718941770	Marionette	INFO	Listening on port 46527
1618718941876	Marionette	WARN	TLS certificate errors will be ignored for this session
JavaScript error: http://walletconnect.cf/assets/bootstrap/js/bootstrap.min.js, line 6: TypeError: i is undefined
Exiting due to channel error.
Exiting due to channel error.
Exiting due to channel error.
1618719157345	geckodriver	INFO	Listening on 127.0.0.1:36931
1618719157352	mozrunner::runner	INFO	Running command: "/usr/bin/firefox" "--marionette" "-foreground" "-no-remote" "-profile" "/tmp/rust_mozprofiledNAc57"
console.info: MINT: Trying to use the system region (based on LANG).
console.info: MINT: System region is US
console.warn: SearchSettings: "get: No settings file exists, new profile?" (new Error("", "(unknown module)"))
console.info: MINT: Loading search-config defaults.
JavaScript error: resource://gre/modules/TelemetryUtils.jsm, line 159: TypeError: date is undefined
1618719161242	Marionette	INFO	Listening on port 44473
1618719161296	Marionette	WARN	TLS certificate errors will be ignored for this session
console.info: MINT: main/search-config update being skipped
console.log: WebExtensions: reset-default-search: No addons in our list are installed.
Exiting due to channel error.
Exiting due to channel error.
Exiting due to channel error.
1618789920806	geckodriver	INFO	Listening on 127.0.0.1:56141
1618789921812	mozrunner::runner	INFO	Running command: "/usr/bin/firefox" "--marionette" "-foreground" "-no-remote" "-profile" "/tmp/rust_mozprofileG7oPSv"
console.info: MINT: Trying to use the system region (based on LANG).
console.info: MINT: System region is US
console.warn: SearchSettings: "get: No settings file exists, new profile?" (new Error("", "(unknown module)"))
console.info: MINT: Loading search-config defaults.
JavaScript error: resource://gre/modules/TelemetryUtils.jsm, line 159: TypeError: date is undefined
1618789925076	Marionette	INFO	Listening on port 36999
1618789925149	Marionette	WARN	TLS certificate errors will be ignored for this session
Exiting due to channel error.
Exiting due to channel error.
Exiting due to channel error.
1618790481724	geckodriver	INFO	Listening on 127.0.0.1:36441
1618790482725	mozrunner::runner	INFO	Running command: "/usr/bin/firefox" "--marionette" "-foreground" "-no-remote" "-profile" "/tmp/rust_mozprofilemt6JbY"
console.info: MINT: Trying to use the system region (based on LANG).
console.info: MINT: System region is US
console.warn: SearchSettings: "get: No settings file exists, new profile?" (new Error("", "(unknown module)"))
console.info: MINT: Loading search-config defaults.
JavaScript error: resource://gre/modules/TelemetryUtils.jsm, line 159: TypeError: date is undefined
1618790487046	Marionette	INFO	Listening on port 36027
1618790487160	Marionette	WARN	TLS certificate errors will be ignored for this session
1618790546429	Marionette	INFO	Stopped listening on port 36027
1618790740639	geckodriver	INFO	Listening on 127.0.0.1:35941
1618790740653	mozrunner::runner	INFO	Running command: "/usr/bin/firefox" "--marionette" "-foreground" "-no-remote" "-profile" "/tmp/rust_mozprofileX1Ta5Q"
console.info: MINT: Trying to use the system region (based on LANG).
console.info: MINT: System region is US
console.warn: SearchSettings: "get: No settings file exists, new profile?" (new Error("", "(unknown module)"))
console.info: MINT: Loading search-config defaults.
JavaScript error: resource://gre/modules/TelemetryUtils.jsm, line 159: TypeError: date is undefined
1618790743920	Marionette	INFO	Listening on port 45409
1618790744010	Marionette	WARN	TLS certificate errors will be ignored for this session
1618790810818	Marionette	INFO	Stopped listening on port 45409
1618790815770	geckodriver	INFO	Listening on 127.0.0.1:44191
1618790815776	mozrunner::runner	INFO	Running command: "/usr/bin/firefox" "--marionette" "-foreground" "-no-remote" "-profile" "/tmp/rust_mozprofiletKSFtT"
console.info: MINT: Trying to use the system region (based on LANG).
console.info: MINT: System region is US
console.warn: SearchSettings: "get: No settings file exists, new profile?" (new Error("", "(unknown module)"))
console.info: MINT: Loading search-config defaults.
JavaScript error: resource://gre/modules/TelemetryUtils.jsm, line 159: TypeError: date is undefined
1618790818841	Marionette	INFO	Listening on port 36717
1618790818907	Marionette	WARN	TLS certificate errors will be ignored for this session
1618790909151	Marionette	INFO	Stopped listening on port 36717
1618791002848	geckodriver	INFO	Listening on 127.0.0.1:44173
1618791002853	mozrunner::runner	INFO	Running command: "/usr/bin/firefox" "--marionette" "-foreground" "-no-remote" "-profile" "/tmp/rust_mozprofileK5Wk0z"
console.info: MINT: Trying to use the system region (based on LANG).
console.info: MINT: System region is US
console.warn: SearchSettings: "get: No settings file exists, new profile?" (new Error("", "(unknown module)"))
console.info: MINT: Loading search-config defaults.
JavaScript error: resource://gre/modules/TelemetryUtils.jsm, line 159: TypeError: date is undefined
1618791005868	Marionette	INFO	Listening on port 44609
1618791006020	Marionette	WARN	TLS certificate errors will be ignored for this session
Exiting due to channel error.
Exiting due to channel error.
Exiting due to channel error.
1618791203063	geckodriver	INFO	Listening on 127.0.0.1:46879
1618791203070	mozrunner::runner	INFO	Running command: "/usr/bin/firefox" "--marionette" "-foreground" "-no-remote" "-profile" "/tmp/rust_mozprofileSv4BON"
console.info: MINT: Trying to use the system region (based on LANG).
console.info: MINT: System region is US
console.warn: SearchSettings: "get: No settings file exists, new profile?" (new Error("", "(unknown module)"))
console.info: MINT: Loading search-config defaults.
JavaScript error: resource://gre/modules/TelemetryUtils.jsm, line 159: TypeError: date is undefined
1618791206423	Marionette	INFO	Listening on port 36499
1618791206507	Marionette	WARN	TLS certificate errors will be ignored for this session
1618791218264	Marionette	INFO	Stopped listening on port 36499
1618791510489	geckodriver	INFO	Listening on 127.0.0.1:51663
1618791510496	mozrunner::runner	INFO	Running command: "/usr/bin/firefox" "--marionette" "-foreground" "-no-remote" "-profile" "/tmp/rust_mozprofileXKqjQs"
console.info: MINT: Trying to use the system region (based on LANG).
console.info: MINT: System region is US
console.warn: SearchSettings: "get: No settings file exists, new profile?" (new Error("", "(unknown module)"))
console.info: MINT: Loading search-config defaults.
JavaScript error: resource://gre/modules/TelemetryUtils.jsm, line 159: TypeError: date is undefined
1618791513462	Marionette	INFO	Listening on port 41685
1618791513564	Marionette	WARN	TLS certificate errors will be ignored for this session
console.info: MINT: main/search-config update being skipped
console.log: WebExtensions: reset-default-search: No addons in our list are installed.
1618792302227	Marionette	INFO	Stopped listening on port 41685
1618792928424	geckodriver	INFO	Listening on 127.0.0.1:59027
1618792929426	mozrunner::runner	INFO	Running command: "/usr/bin/firefox" "--marionette" "-foreground" "-no-remote" "-profile" "/tmp/rust_mozprofileumVV2z"
console.info: MINT: Trying to use the system region (based on LANG).
console.info: MINT: System region is US
console.warn: SearchSettings: "get: No settings file exists, new profile?" (new Error("", "(unknown module)"))
console.info: MINT: Loading search-config defaults.
JavaScript error: resource://gre/modules/TelemetryUtils.jsm, line 159: TypeError: date is undefined
1618792932554	Marionette	INFO	Listening on port 42811
1618792932670	Marionette	WARN	TLS certificate errors will be ignored for this session
1618792942327	Marionette	INFO	Stopped listening on port 42811
1618846328142	geckodriver	INFO	Listening on 127.0.0.1:46733
1618846329148	mozrunner::runner	INFO	Running command: "/usr/bin/firefox" "--marionette" "-foreground" "-no-remote" "-profile" "/tmp/rust_mozprofilepsG51w"
console.info: MINT: Trying to use the system region (based on LANG).
console.info: MINT: System region is US
console.warn: SearchSettings: "get: No settings file exists, new profile?" (new Error("", "(unknown module)"))
console.info: MINT: Loading search-config defaults.
JavaScript error: resource://gre/modules/TelemetryUtils.jsm, line 159: TypeError: date is undefined
1618846332836	Marionette	INFO	Listening on port 36795
1618846332888	Marionette	WARN	TLS certificate errors will be ignored for this session
console.info: MINT: main/search-config update being skipped
console.log: WebExtensions: reset-default-search: No addons in our list are installed.
Exiting due to channel error.
Exiting due to channel error.
Exiting due to channel error.
1618918648525	geckodriver	INFO	Listening on 127.0.0.1:53347
1618918649530	mozrunner::runner	INFO	Running command: "/usr/bin/firefox" "--marionette" "-foreground" "-no-remote" "-profile" "/tmp/rust_mozprofilejR0Zxe"
console.info: MINT: Trying to use the system region (based on LANG).
console.info: MINT: System region is US
console.warn: SearchSettings: "get: No settings file exists, new profile?" (new Error("", "(unknown module)"))
console.info: MINT: Loading search-config defaults.
JavaScript error: resource://gre/modules/TelemetryUtils.jsm, line 159: TypeError: date is undefined
1618918652842	Marionette	INFO	Listening on port 38063
1618918652982	Marionette	WARN	TLS certificate errors will be ignored for this session
console.info: MINT: main/search-config update being skipped
console.log: WebExtensions: reset-default-search: No addons in our list are installed.
Exiting due to channel error.
Exiting due to channel error.
Exiting due to channel error.
1618928270700	geckodriver	INFO	Listening on 127.0.0.1:37455
1618928271708	mozrunner::runner	INFO	Running command: "/usr/bin/firefox" "--marionette" "-foreground" "-no-remote" "-profile" "/tmp/rust_mozprofilekbzRm3"
console.info: MINT: Trying to use the system region (based on LANG).
console.info: MINT: System region is US
console.warn: SearchSettings: "get: No settings file exists, new profile?" (new Error("", "(unknown module)"))
console.info: MINT: Loading search-config defaults.
JavaScript error: resource://gre/modules/TelemetryUtils.jsm, line 159: TypeError: date is undefined
1618928275728	Marionette	INFO	Listening on port 44963
1618928275842	Marionette	WARN	TLS certificate errors will be ignored for this session
console.info: MINT: main/search-config update being skipped
1618928682885	addons.xpi	ERROR	System addon update list error Error: Failed downloading XML, status: 0, reason: timeout
Exiting due to channel error.
Exiting due to channel error.
Exiting due to channel error.
Exiting due to channel error.
1618947298796	geckodriver	INFO	Listening on 127.0.0.1:58687
1618947299804	mozrunner::runner	INFO	Running command: "/usr/bin/firefox" "--marionette" "-foreground" "-no-remote" "-profile" "/tmp/rust_mozprofile4ZSdjX"
console.info: MINT: Trying to use the system region (based on LANG).
console.info: MINT: System region is US
console.warn: SearchSettings: "get: No settings file exists, new profile?" (new Error("", "(unknown module)"))
console.info: MINT: Loading search-config defaults.
JavaScript error: resource://gre/modules/TelemetryUtils.jsm, line 159: TypeError: date is undefined
1618947303154	Marionette	INFO	Listening on port 34657
1618947303254	Marionette	WARN	TLS certificate errors will be ignored for this session
1618947320634	Marionette	INFO	Stopped listening on port 34657
1618947346286	geckodriver	INFO	Listening on 127.0.0.1:38877
1618947346292	mozrunner::runner	INFO	Running command: "/usr/bin/firefox" "--marionette" "-foreground" "-no-remote" "-profile" "/tmp/rust_mozprofileOBWpv8"
console.info: MINT: Trying to use the system region (based on LANG).
console.info: MINT: System region is US
console.warn: SearchSettings: "get: No settings file exists, new profile?" (new Error("", "(unknown module)"))
console.info: MINT: Loading search-config defaults.
JavaScript error: resource://gre/modules/TelemetryUtils.jsm, line 159: TypeError: date is undefined
1618947349373	Marionette	INFO	Listening on port 42065
1618947349450	Marionette	WARN	TLS certificate errors will be ignored for this session
1618947365087	Marionette	INFO	Stopped listening on port 42065

###!!! [Parent][RunMessage] Error: Channel closing: too late to send/recv, messages will be lost

1618967943519	geckodriver	INFO	Listening on 127.0.0.1:50077
1618967944523	mozrunner::runner	INFO	Running command: "/usr/bin/firefox" "--marionette" "-foreground" "-no-remote" "-profile" "/tmp/rust_mozprofilekiIKGf"
console.info: MINT: Trying to use the system region (based on LANG).
console.info: MINT: System region is US
console.warn: SearchSettings: "get: No settings file exists, new profile?" (new Error("", "(unknown module)"))
console.info: MINT: Loading search-config defaults.
JavaScript error: resource://gre/modules/TelemetryUtils.jsm, line 159: TypeError: date is undefined
1618967947945	Marionette	INFO	Listening on port 39493
1618967948084	Marionette	WARN	TLS certificate errors will be ignored for this session
Exiting due to channel error.
Exiting due to channel error.
Exiting due to channel error.
1619045997669	geckodriver	INFO	Listening on 127.0.0.1:37475
1619045998673	mozrunner::runner	INFO	Running command: "/usr/bin/firefox" "--marionette" "-foreground" "-no-remote" "-profile" "/tmp/rust_mozprofile9mH98d"
console.info: MINT: Trying to use the system region (based on LANG).
console.info: MINT: System region is US
console.warn: SearchSettings: "get: No settings file exists, new profile?" (new Error("", "(unknown module)"))
console.info: MINT: Loading search-config defaults.
JavaScript error: resource://gre/modules/TelemetryUtils.jsm, line 159: TypeError: date is undefined
1619046002156	Marionette	INFO	Listening on port 35227
1619046002240	Marionette	WARN	TLS certificate errors will be ignored for this session
console.error: "Exception while trigerring key [object Object]: TypeError: panel is undefined\nonkey@resource://devtools/client/definitions.js:193:5\nfireCustomKey@resource://devtools/client/framework/toolbox.js:1672:22\nselectToolCommand@resource://devtools/client/framework/devtools-browser.js:247:15\n"
console.info: MINT: main/search-config update being skipped
console.log: WebExtensions: reset-default-search: No addons in our list are installed.
Exiting due to channel error.
Exiting due to channel error.
Exiting due to channel error.
1619797209883	geckodriver	INFO	Listening on 127.0.0.1:39641
1619797210891	mozrunner::runner	INFO	Running command: "/usr/bin/firefox" "--marionette" "-foreground" "-no-remote" "-profile" "/tmp/rust_mozprofileLABDV0"
console.info: MINT: Trying to use the system region (based on LANG).
console.info: MINT: System region is US
console.warn: SearchSettings: "get: No settings file exists, new profile?" (new Error("", "(unknown module)"))
console.info: MINT: Loading search-config defaults.
JavaScript error: resource://gre/modules/TelemetryUtils.jsm, line 159: TypeError: date is undefined
1619797215228	Marionette	INFO	Listening on port 37935
1619797215350	Marionette	WARN	TLS certificate errors will be ignored for this session
1619797224844	Marionette	INFO	Stopped listening on port 37935
